# JRE version: OpenJDK Runtime Environment (8.0_152-b06) (build 1.8.0_152-release-1136-b06)
# Java VM: OpenJDK 64-Bit Server VM (25.152-b06 mixed mode windows-amd64 compressed oops)
Heap:
 PSYoungGen      total 147456K, used 39892K [0x00000000e0000000, 0x00000000eca00000, 0x0000000100000000)
  eden space 120832K, 10% used [0x00000000e0000000,0x00000000e0cf96c0,0x00000000e7600000)
  from space 26624K, 99% used [0x00000000e7600000,0x00000000e8ffbce0,0x00000000e9000000)
  to   space 37376K, 0% used [0x00000000ea580000,0x00000000ea580000,0x00000000eca00000)
 ParOldGen       total 94208K, used 77254K [0x00000000a0000000, 0x00000000a5c00000, 0x00000000e0000000)
  object space 94208K, 82% used [0x00000000a0000000,0x00000000a4b71848,0x00000000a5c00000)
 Metaspace       used 89765K, capacity 93446K, committed 93568K, reserved 1130496K
  class space    used 11209K, capacity 12108K, committed 12160K, reserved 1048576K
GC Heap History (10 events):
Event: 1937.718 GC heap before
{Heap before GC invocations=28 (full 3):
 PSYoungGen      total 157696K, used 146712K [0x00000000e0000000, 0x00000000ebb00000, 0x0000000100000000)
  eden space 138240K, 100% used [0x00000000e0000000,0x00000000e8700000,0x00000000e8700000)
  from space 19456K, 43% used [0x00000000ea800000,0x00000000eb046070,0x00000000ebb00000)
  to   space 26624K, 0% used [0x00000000e8700000,0x00000000e8700000,0x00000000ea100000)
 ParOldGen       total 94208K, used 57340K [0x00000000a0000000, 0x00000000a5c00000, 0x00000000e0000000)
  object space 94208K, 60% used [0x00000000a0000000,0x00000000a37ff2d0,0x00000000a5c00000)
 Metaspace       used 74852K, capacity 78364K, committed 78592K, reserved 1118208K
  class space    used 9521K, capacity 10379K, committed 10496K, reserved 1048576K
Event: 1937.740 GC heap after
Heap after GC invocations=28 (full 3):
 PSYoungGen      total 144896K, used 11102K [0x00000000e0000000, 0x00000000eb480000, 0x0000000100000000)
  eden space 133632K, 0% used [0x00000000e0000000,0x00000000e0000000,0x00000000e8280000)
  from space 11264K, 98% used [0x00000000e8700000,0x00000000e91d7b10,0x00000000e9200000)
  to   space 25600K, 0% used [0x00000000e9b80000,0x00000000e9b80000,0x00000000eb480000)
 ParOldGen       total 94208K, used 57348K [0x00000000a0000000, 0x00000000a5c00000, 0x00000000e0000000)
  object space 94208K, 60% used [0x00000000a0000000,0x00000000a38012d0,0x00000000a5c00000)
 Metaspace       used 74852K, capacity 78364K, committed 78592K, reserved 1118208K
  class space    used 9521K, capacity 10379K, committed 10496K, reserved 1048576K
}
Event: 2001.381 GC heap before
{Heap before GC invocations=29 (full 3):
 PSYoungGen      total 144896K, used 144734K [0x00000000e0000000, 0x00000000eb480000, 0x0000000100000000)
  eden space 133632K, 100% used [0x00000000e0000000,0x00000000e8280000,0x00000000e8280000)
  from space 11264K, 98% used [0x00000000e8700000,0x00000000e91d7b10,0x00000000e9200000)
  to   space 25600K, 0% used [0x00000000e9b80000,0x00000000e9b80000,0x00000000eb480000)
 ParOldGen       total 94208K, used 57348K [0x00000000a0000000, 0x00000000a5c00000, 0x00000000e0000000)
  object space 94208K, 60% used [0x00000000a0000000,0x00000000a38012d0,0x00000000a5c00000)
 Metaspace       used 78670K, capacity 82218K, committed 82304K, reserved 1120256K
  class space    used 9956K, capacity 10818K, committed 10880K, reserved 1048576K
Event: 2001.413 GC heap after
Heap after GC invocations=29 (full 3):
 PSYoungGen      total 150016K, used 16507K [0x00000000e0000000, 0x00000000eb000000, 0x0000000100000000)
  eden space 129024K, 0% used [0x00000000e0000000,0x00000000e0000000,0x00000000e7e00000)
  from space 20992K, 78% used [0x00000000e9b80000,0x00000000eab9ec60,0x00000000eb000000)
  to   space 25600K, 0% used [0x00000000e7e00000,0x00000000e7e00000,0x00000000e9700000)
 ParOldGen       total 94208K, used 57364K [0x00000000a0000000, 0x00000000a5c00000, 0x00000000e0000000)
  object space 94208K, 60% used [0x00000000a0000000,0x00000000a38052d0,0x00000000a5c00000)
 Metaspace       used 78670K, capacity 82218K, committed 82304K, reserved 1120256K
  class space    used 9956K, capacity 10818K, committed 10880K, reserved 1048576K
}
Event: 2010.516 GC heap before
{Heap before GC invocations=30 (full 3):
 PSYoungGen      total 150016K, used 145531K [0x00000000e0000000, 0x00000000eb000000, 0x0000000100000000)
  eden space 129024K, 100% used [0x00000000e0000000,0x00000000e7e00000,0x00000000e7e00000)
  from space 20992K, 78% used [0x00000000e9b80000,0x00000000eab9ec60,0x00000000eb000000)
  to   space 25600K, 0% used [0x00000000e7e00000,0x00000000e7e00000,0x00000000e9700000)
 ParOldGen       total 94208K, used 57364K [0x00000000a0000000, 0x00000000a5c00000, 0x00000000e0000000)
  object space 94208K, 60% used [0x00000000a0000000,0x00000000a38052d0,0x00000000a5c00000)
 Metaspace       used 78701K, capacity 82290K, committed 82560K, reserved 1120256K
  class space    used 9960K, capacity 10820K, committed 10880K, reserved 1048576K
Event: 2010.543 GC heap after
Heap after GC invocations=30 (full 3):
 PSYoungGen      total 140288K, used 15010K [0x00000000e0000000, 0x00000000eab00000, 0x0000000100000000)
  eden space 124928K, 0% used [0x00000000e0000000,0x00000000e0000000,0x00000000e7a00000)
  from space 15360K, 97% used [0x00000000e7e00000,0x00000000e8ca8a10,0x00000000e8d00000)
  to   space 25088K, 0% used [0x00000000e9280000,0x00000000e9280000,0x00000000eab00000)
 ParOldGen       total 94208K, used 57372K [0x00000000a0000000, 0x00000000a5c00000, 0x00000000e0000000)
  object space 94208K, 60% used [0x00000000a0000000,0x00000000a38072d0,0x00000000a5c00000)
 Metaspace       used 78701K, capacity 82290K, committed 82560K, reserved 1120256K
  class space    used 9960K, capacity 10820K, committed 10880K, reserved 1048576K
}
Event: 2015.126 GC heap before
{Heap before GC invocations=31 (full 3):
 PSYoungGen      total 140288K, used 139938K [0x00000000e0000000, 0x00000000eab00000, 0x0000000100000000)
  eden space 124928K, 100% used [0x00000000e0000000,0x00000000e7a00000,0x00000000e7a00000)
  from space 15360K, 97% used [0x00000000e7e00000,0x00000000e8ca8a10,0x00000000e8d00000)
  to   space 25088K, 0% used [0x00000000e9280000,0x00000000e9280000,0x00000000eab00000)
 ParOldGen       total 94208K, used 57372K [0x00000000a0000000, 0x00000000a5c00000, 0x00000000e0000000)
  object space 94208K, 60% used [0x00000000a0000000,0x00000000a38072d0,0x00000000a5c00000)
 Metaspace       used 81505K, capacity 85158K, committed 85248K, reserved 1124352K
  class space    used 10361K, capacity 11244K, committed 11264K, reserved 1048576K
Event: 2015.167 GC heap after
Heap after GC invocations=31 (full 3):
 PSYoungGen      total 144896K, used 19950K [0x00000000e0000000, 0x00000000eaa00000, 0x0000000100000000)
  eden space 120832K, 0% used [0x00000000e0000000,0x00000000e0000000,0x00000000e7600000)
  from space 24064K, 82% used [0x00000000e9280000,0x00000000ea5fbbb8,0x00000000eaa00000)
  to   space 26624K, 0% used [0x00000000e7600000,0x00000000e7600000,0x00000000e9000000)
 ParOldGen       total 94208K, used 57380K [0x00000000a0000000, 0x00000000a5c00000, 0x00000000e0000000)
  object space 94208K, 60% used [0x00000000a0000000,0x00000000a38092d0,0x00000000a5c00000)
 Metaspace       used 81505K, capacity 85158K, committed 85248K, reserved 1124352K
  class space    used 10361K, capacity 11244K, committed 11264K, reserved 1048576K
}
Event: 2020.029 GC heap before
{Heap before GC invocations=32 (full 3):
 PSYoungGen      total 144896K, used 140782K [0x00000000e0000000, 0x00000000eaa00000, 0x0000000100000000)
  eden space 120832K, 100% used [0x00000000e0000000,0x00000000e7600000,0x00000000e7600000)
  from space 24064K, 82% used [0x00000000e9280000,0x00000000ea5fbbb8,0x00000000eaa00000)
  to   space 26624K, 0% used [0x00000000e7600000,0x00000000e7600000,0x00000000e9000000)
 ParOldGen       total 94208K, used 57380K [0x00000000a0000000, 0x00000000a5c00000, 0x00000000e0000000)
  object space 94208K, 60% used [0x00000000a0000000,0x00000000a38092d0,0x00000000a5c00000)
 Metaspace       used 89733K, capacity 93382K, committed 93568K, reserved 1130496K
  class space    used 11209K, capacity 12108K, committed 12160K, reserved 1048576K
Event: 2020.184 GC heap after
Heap after GC invocations=32 (full 3):
 PSYoungGen      total 147456K, used 26607K [0x00000000e0000000, 0x00000000eca00000, 0x0000000100000000)
  eden space 120832K, 0% used [0x00000000e0000000,0x00000000e0000000,0x00000000e7600000)
  from space 26624K, 99% used [0x00000000e7600000,0x00000000e8ffbce0,0x00000000e9000000)
  to   space 37376K, 0% used [0x00000000ea580000,0x00000000ea580000,0x00000000eca00000)
 ParOldGen       total 94208K, used 77254K [0x00000000a0000000, 0x00000000a5c00000, 0x00000000e0000000)
  object space 94208K, 82% used [0x00000000a0000000,0x00000000a4b71848,0x00000000a5c00000)
 Metaspace       used 89733K, capacity 93382K, committed 93568K, reserved 1130496K
  class space    used 11209K, capacity 12108K, committed 12160K, reserved 1048576K
}

