# JRE version: OpenJDK Runtime Environment (8.0_152-b06) (build 1.8.0_152-release-1136-b06)
# Java VM: OpenJDK 64-Bit Server VM (25.152-b06 mixed mode windows-amd64 compressed oops)
Heap:
 PSYoungGen      total 195584K, used 5885K [0x00000000e0000000, 0x00000000f0a00000, 0x0000000100000000)
  eden space 172544K, 3% used [0x00000000e0000000,0x00000000e05bf658,0x00000000ea880000)
  from space 23040K, 0% used [0x00000000ea880000,0x00000000ea880000,0x00000000ebf00000)
  to   space 34816K, 0% used [0x00000000ee800000,0x00000000ee800000,0x00000000f0a00000)
 ParOldGen       total 87552K, used 43818K [0x00000000a0000000, 0x00000000a5580000, 0x00000000e0000000)
  object space 87552K, 50% used [0x00000000a0000000,0x00000000a2acaa70,0x00000000a5580000)
 Metaspace       used 70751K, capacity 72508K, committed 72704K, reserved 1112064K
  class space    used 9194K, capacity 9637K, committed 9728K, reserved 1048576K
GC Heap History (10 events):
Event: 72.696 GC heap before
{Heap before GC invocations=17 (full 2):
 PSYoungGen      total 158208K, used 47415K [0x00000000e0000000, 0x00000000eaa80000, 0x0000000100000000)
  eden space 143872K, 25% used [0x00000000e0000000,0x00000000e242e460,0x00000000e8c80000)
  from space 14336K, 72% used [0x00000000e9c80000,0x00000000ea69fad0,0x00000000eaa80000)
  to   space 15360K, 0% used [0x00000000e8c80000,0x00000000e8c80000,0x00000000e9b80000)
 ParOldGen       total 53248K, used 31441K [0x00000000a0000000, 0x00000000a3400000, 0x00000000e0000000)
  object space 53248K, 59% used [0x00000000a0000000,0x00000000a1eb4590,0x00000000a3400000)
 Metaspace       used 57385K, capacity 58962K, committed 59028K, reserved 1099776K
  class space    used 7781K, capacity 8176K, committed 8192K, reserved 1048576K
Event: 72.723 GC heap after
Heap after GC invocations=17 (full 2):
 PSYoungGen      total 159232K, used 2479K [0x00000000e0000000, 0x00000000ece00000, 0x0000000100000000)
  eden space 143872K, 0% used [0x00000000e0000000,0x00000000e0000000,0x00000000e8c80000)
  from space 15360K, 16% used [0x00000000e8c80000,0x00000000e8eebe58,0x00000000e9b80000)
  to   space 15360K, 0% used [0x00000000ebf00000,0x00000000ebf00000,0x00000000ece00000)
 ParOldGen       total 53248K, used 38017K [0x00000000a0000000, 0x00000000a3400000, 0x00000000e0000000)
  object space 53248K, 71% used [0x00000000a0000000,0x00000000a2520780,0x00000000a3400000)
 Metaspace       used 57385K, capacity 58962K, committed 59028K, reserved 1099776K
  class space    used 7781K, capacity 8176K, committed 8192K, reserved 1048576K
}
Event: 72.723 GC heap before
{Heap before GC invocations=18 (full 3):
 PSYoungGen      total 159232K, used 2479K [0x00000000e0000000, 0x00000000ece00000, 0x0000000100000000)
  eden space 143872K, 0% used [0x00000000e0000000,0x00000000e0000000,0x00000000e8c80000)
  from space 15360K, 16% used [0x00000000e8c80000,0x00000000e8eebe58,0x00000000e9b80000)
  to   space 15360K, 0% used [0x00000000ebf00000,0x00000000ebf00000,0x00000000ece00000)
 ParOldGen       total 53248K, used 38017K [0x00000000a0000000, 0x00000000a3400000, 0x00000000e0000000)
  object space 53248K, 71% used [0x00000000a0000000,0x00000000a2520780,0x00000000a3400000)
 Metaspace       used 57385K, capacity 58962K, committed 59028K, reserved 1099776K
  class space    used 7781K, capacity 8176K, committed 8192K, reserved 1048576K
Event: 73.128 GC heap after
Heap after GC invocations=18 (full 3):
 PSYoungGen      total 159232K, used 0K [0x00000000e0000000, 0x00000000ece00000, 0x0000000100000000)
  eden space 143872K, 0% used [0x00000000e0000000,0x00000000e0000000,0x00000000e8c80000)
  from space 15360K, 0% used [0x00000000e8c80000,0x00000000e8c80000,0x00000000e9b80000)
  to   space 15360K, 0% used [0x00000000ebf00000,0x00000000ebf00000,0x00000000ece00000)
 ParOldGen       total 87552K, used 33744K [0x00000000a0000000, 0x00000000a5580000, 0x00000000e0000000)
  object space 87552K, 38% used [0x00000000a0000000,0x00000000a20f43c8,0x00000000a5580000)
 Metaspace       used 57385K, capacity 58962K, committed 59028K, reserved 1099776K
  class space    used 7781K, capacity 8176K, committed 8192K, reserved 1048576K
}
Event: 87.668 GC heap before
{Heap before GC invocations=19 (full 3):
 PSYoungGen      total 159232K, used 143811K [0x00000000e0000000, 0x00000000ece00000, 0x0000000100000000)
  eden space 143872K, 99% used [0x00000000e0000000,0x00000000e8c70e58,0x00000000e8c80000)
  from space 15360K, 0% used [0x00000000e8c80000,0x00000000e8c80000,0x00000000e9b80000)
  to   space 15360K, 0% used [0x00000000ebf00000,0x00000000ebf00000,0x00000000ece00000)
 ParOldGen       total 87552K, used 33744K [0x00000000a0000000, 0x00000000a5580000, 0x00000000e0000000)
  object space 87552K, 38% used [0x00000000a0000000,0x00000000a20f43c8,0x00000000a5580000)
 Metaspace       used 66748K, capacity 68522K, committed 68736K, reserved 1107968K
  class space    used 8832K, capacity 9314K, committed 9344K, reserved 1048576K
Event: 87.728 GC heap after
Heap after GC invocations=19 (full 3):
 PSYoungGen      total 187904K, used 15336K [0x00000000e0000000, 0x00000000edb80000, 0x0000000100000000)
  eden space 172544K, 0% used [0x00000000e0000000,0x00000000e0000000,0x00000000ea880000)
  from space 15360K, 99% used [0x00000000ebf00000,0x00000000ecdfa358,0x00000000ece00000)
  to   space 23040K, 0% used [0x00000000ea880000,0x00000000ea880000,0x00000000ebf00000)
 ParOldGen       total 87552K, used 48887K [0x00000000a0000000, 0x00000000a5580000, 0x00000000e0000000)
  object space 87552K, 55% used [0x00000000a0000000,0x00000000a2fbde38,0x00000000a5580000)
 Metaspace       used 66748K, capacity 68522K, committed 68736K, reserved 1107968K
  class space    used 8832K, capacity 9314K, committed 9344K, reserved 1048576K
}
Event: 100.566 GC heap before
{Heap before GC invocations=20 (full 3):
 PSYoungGen      total 187904K, used 187880K [0x00000000e0000000, 0x00000000edb80000, 0x0000000100000000)
  eden space 172544K, 100% used [0x00000000e0000000,0x00000000ea880000,0x00000000ea880000)
  from space 15360K, 99% used [0x00000000ebf00000,0x00000000ecdfa358,0x00000000ece00000)
  to   space 23040K, 0% used [0x00000000ea880000,0x00000000ea880000,0x00000000ebf00000)
 ParOldGen       total 87552K, used 48887K [0x00000000a0000000, 0x00000000a5580000, 0x00000000e0000000)
  object space 87552K, 55% used [0x00000000a0000000,0x00000000a2fbde60,0x00000000a5580000)
 Metaspace       used 70751K, capacity 72508K, committed 72704K, reserved 1112064K
  class space    used 9194K, capacity 9637K, committed 9728K, reserved 1048576K
Event: 100.692 GC heap after
Heap after GC invocations=20 (full 3):
 PSYoungGen      total 195584K, used 23027K [0x00000000e0000000, 0x00000000f0a00000, 0x0000000100000000)
  eden space 172544K, 0% used [0x00000000e0000000,0x00000000e0000000,0x00000000ea880000)
  from space 23040K, 99% used [0x00000000ea880000,0x00000000ebefcce0,0x00000000ebf00000)
  to   space 34816K, 0% used [0x00000000ee800000,0x00000000ee800000,0x00000000f0a00000)
 ParOldGen       total 87552K, used 70161K [0x00000000a0000000, 0x00000000a5580000, 0x00000000e0000000)
  object space 87552K, 80% used [0x00000000a0000000,0x00000000a4484498,0x00000000a5580000)
 Metaspace       used 70751K, capacity 72508K, committed 72704K, reserved 1112064K
  class space    used 9194K, capacity 9637K, committed 9728K, reserved 1048576K
}
Event: 100.692 GC heap before
{Heap before GC invocations=21 (full 4):
 PSYoungGen      total 195584K, used 23027K [0x00000000e0000000, 0x00000000f0a00000, 0x0000000100000000)
  eden space 172544K, 0% used [0x00000000e0000000,0x00000000e0000000,0x00000000ea880000)
  from space 23040K, 99% used [0x00000000ea880000,0x00000000ebefcce0,0x00000000ebf00000)
  to   space 34816K, 0% used [0x00000000ee800000,0x00000000ee800000,0x00000000f0a00000)
 ParOldGen       total 87552K, used 70161K [0x00000000a0000000, 0x00000000a5580000, 0x00000000e0000000)
  object space 87552K, 80% used [0x00000000a0000000,0x00000000a4484498,0x00000000a5580000)
 Metaspace       used 70751K, capacity 72508K, committed 72704K, reserved 1112064K
  class space    used 9194K, capacity 9637K, committed 9728K, reserved 1048576K
Event: 100.917 GC heap after
Heap after GC invocations=21 (full 4):
 PSYoungGen      total 195584K, used 0K [0x00000000e0000000, 0x00000000f0a00000, 0x0000000100000000)
  eden space 172544K, 0% used [0x00000000e0000000,0x00000000e0000000,0x00000000ea880000)
  from space 23040K, 0% used [0x00000000ea880000,0x00000000ea880000,0x00000000ebf00000)
  to   space 34816K, 0% used [0x00000000ee800000,0x00000000ee800000,0x00000000f0a00000)
 ParOldGen       total 87552K, used 43818K [0x00000000a0000000, 0x00000000a5580000, 0x00000000e0000000)
  object space 87552K, 50% used [0x00000000a0000000,0x00000000a2acaa70,0x00000000a5580000)
 Metaspace       used 70751K, capacity 72508K, committed 72704K, reserved 1112064K
  class space    used 9194K, capacity 9637K, committed 9728K, reserved 1048576K
}

