# JRE version: OpenJDK Runtime Environment (8.0_152-b06) (build 1.8.0_152-release-1136-b06)
# Java VM: OpenJDK 64-Bit Server VM (25.152-b06 mixed mode windows-amd64 compressed oops)
Heap:
 PSYoungGen      total 124416K, used 61063K [0x00000000e0000000, 0x00000000e8280000, 0x0000000100000000)
  eden space 115200K, 45% used [0x00000000e0000000,0x00000000e32a74a8,0x00000000e7080000)
  from space 9216K, 99% used [0x00000000e7080000,0x00000000e797aa28,0x00000000e7980000)
  to   space 6656K, 0% used [0x00000000e7c00000,0x00000000e7c00000,0x00000000e8280000)
 ParOldGen       total 55296K, used 19908K [0x00000000a0000000, 0x00000000a3600000, 0x00000000e0000000)
  object space 55296K, 36% used [0x00000000a0000000,0x00000000a13712a8,0x00000000a3600000)
 Metaspace       used 48414K, capacity 49576K, committed 49752K, reserved 1091584K
  class space    used 6402K, capacity 6777K, committed 6784K, reserved 1048576K
GC Heap History (10 events):
Event: 9.763 GC heap before
{Heap before GC invocations=11 (full 1):
 PSYoungGen      total 71680K, used 70996K [0x00000000e0000000, 0x00000000e6600000, 0x0000000100000000)
  eden space 64512K, 100% used [0x00000000e0000000,0x00000000e3f00000,0x00000000e3f00000)
  from space 7168K, 90% used [0x00000000e3f00000,0x00000000e45553f0,0x00000000e4600000)
  to   space 7680K, 0% used [0x00000000e5e80000,0x00000000e5e80000,0x00000000e6600000)
 ParOldGen       total 34304K, used 8425K [0x00000000a0000000, 0x00000000a2180000, 0x00000000e0000000)
  object space 34304K, 24% used [0x00000000a0000000,0x00000000a083a5a8,0x00000000a2180000)
 Metaspace       used 29968K, capacity 30580K, committed 30848K, reserved 1075200K
  class space    used 4204K, capacity 4449K, committed 4480K, reserved 1048576K
Event: 9.782 GC heap after
Heap after GC invocations=11 (full 1):
 PSYoungGen      total 95232K, used 7674K [0x00000000e0000000, 0x00000000e6800000, 0x0000000100000000)
  eden space 87552K, 0% used [0x00000000e0000000,0x00000000e0000000,0x00000000e5580000)
  from space 7680K, 99% used [0x00000000e5e80000,0x00000000e65fe980,0x00000000e6600000)
  to   space 9216K, 0% used [0x00000000e5580000,0x00000000e5580000,0x00000000e5e80000)
 ParOldGen       total 34304K, used 10225K [0x00000000a0000000, 0x00000000a2180000, 0x00000000e0000000)
  object space 34304K, 29% used [0x00000000a0000000,0x00000000a09fc5c8,0x00000000a2180000)
 Metaspace       used 29968K, capacity 30580K, committed 30848K, reserved 1075200K
  class space    used 4204K, capacity 4449K, committed 4480K, reserved 1048576K
}
Event: 14.128 GC heap before
{Heap before GC invocations=12 (full 1):
 PSYoungGen      total 95232K, used 95226K [0x00000000e0000000, 0x00000000e6800000, 0x0000000100000000)
  eden space 87552K, 100% used [0x00000000e0000000,0x00000000e5580000,0x00000000e5580000)
  from space 7680K, 99% used [0x00000000e5e80000,0x00000000e65fe980,0x00000000e6600000)
  to   space 9216K, 0% used [0x00000000e5580000,0x00000000e5580000,0x00000000e5e80000)
 ParOldGen       total 34304K, used 10225K [0x00000000a0000000, 0x00000000a2180000, 0x00000000e0000000)
  object space 34304K, 29% used [0x00000000a0000000,0x00000000a09fc5c8,0x00000000a2180000)
 Metaspace       used 33174K, capacity 33838K, committed 34048K, reserved 1079296K
  class space    used 4523K, capacity 4746K, committed 4864K, reserved 1048576K
Event: 14.150 GC heap after
Heap after GC invocations=12 (full 1):
 PSYoungGen      total 96768K, used 2609K [0x00000000e0000000, 0x00000000e8500000, 0x0000000100000000)
  eden space 87552K, 0% used [0x00000000e0000000,0x00000000e0000000,0x00000000e5580000)
  from space 9216K, 28% used [0x00000000e5580000,0x00000000e580c690,0x00000000e5e80000)
  to   space 9216K, 0% used [0x00000000e7c00000,0x00000000e7c00000,0x00000000e8500000)
 ParOldGen       total 34304K, used 16819K [0x00000000a0000000, 0x00000000a2180000, 0x00000000e0000000)
  object space 34304K, 49% used [0x00000000a0000000,0x00000000a106cc78,0x00000000a2180000)
 Metaspace       used 33174K, capacity 33838K, committed 34048K, reserved 1079296K
  class space    used 4523K, capacity 4746K, committed 4864K, reserved 1048576K
}
Event: 15.234 GC heap before
{Heap before GC invocations=13 (full 1):
 PSYoungGen      total 96768K, used 14724K [0x00000000e0000000, 0x00000000e8500000, 0x0000000100000000)
  eden space 87552K, 13% used [0x00000000e0000000,0x00000000e0bd49f8,0x00000000e5580000)
  from space 9216K, 28% used [0x00000000e5580000,0x00000000e580c690,0x00000000e5e80000)
  to   space 9216K, 0% used [0x00000000e7c00000,0x00000000e7c00000,0x00000000e8500000)
 ParOldGen       total 34304K, used 16819K [0x00000000a0000000, 0x00000000a2180000, 0x00000000e0000000)
  object space 34304K, 49% used [0x00000000a0000000,0x00000000a106cc78,0x00000000a2180000)
 Metaspace       used 34673K, capacity 35316K, committed 35416K, reserved 1079296K
  class space    used 4693K, capacity 4939K, committed 4992K, reserved 1048576K
Event: 15.238 GC heap after
Heap after GC invocations=13 (full 1):
 PSYoungGen      total 121856K, used 1856K [0x00000000e0000000, 0x00000000e8280000, 0x0000000100000000)
  eden space 115200K, 0% used [0x00000000e0000000,0x00000000e0000000,0x00000000e7080000)
  from space 6656K, 27% used [0x00000000e7c00000,0x00000000e7dd0258,0x00000000e8280000)
  to   space 9216K, 0% used [0x00000000e7080000,0x00000000e7080000,0x00000000e7980000)
 ParOldGen       total 34304K, used 18131K [0x00000000a0000000, 0x00000000a2180000, 0x00000000e0000000)
  object space 34304K, 52% used [0x00000000a0000000,0x00000000a11b4d18,0x00000000a2180000)
 Metaspace       used 34673K, capacity 35316K, committed 35416K, reserved 1079296K
  class space    used 4693K, capacity 4939K, committed 4992K, reserved 1048576K
}
Event: 15.238 GC heap before
{Heap before GC invocations=14 (full 2):
 PSYoungGen      total 121856K, used 1856K [0x00000000e0000000, 0x00000000e8280000, 0x0000000100000000)
  eden space 115200K, 0% used [0x00000000e0000000,0x00000000e0000000,0x00000000e7080000)
  from space 6656K, 27% used [0x00000000e7c00000,0x00000000e7dd0258,0x00000000e8280000)
  to   space 9216K, 0% used [0x00000000e7080000,0x00000000e7080000,0x00000000e7980000)
 ParOldGen       total 34304K, used 18131K [0x00000000a0000000, 0x00000000a2180000, 0x00000000e0000000)
  object space 34304K, 52% used [0x00000000a0000000,0x00000000a11b4d18,0x00000000a2180000)
 Metaspace       used 34673K, capacity 35316K, committed 35416K, reserved 1079296K
  class space    used 4693K, capacity 4939K, committed 4992K, reserved 1048576K
Event: 15.308 GC heap after
Heap after GC invocations=14 (full 2):
 PSYoungGen      total 121856K, used 0K [0x00000000e0000000, 0x00000000e8280000, 0x0000000100000000)
  eden space 115200K, 0% used [0x00000000e0000000,0x00000000e0000000,0x00000000e7080000)
  from space 6656K, 0% used [0x00000000e7c00000,0x00000000e7c00000,0x00000000e8280000)
  to   space 9216K, 0% used [0x00000000e7080000,0x00000000e7080000,0x00000000e7980000)
 ParOldGen       total 55296K, used 16269K [0x00000000a0000000, 0x00000000a3600000, 0x00000000e0000000)
  object space 55296K, 29% used [0x00000000a0000000,0x00000000a0fe34f8,0x00000000a3600000)
 Metaspace       used 34673K, capacity 35316K, committed 35416K, reserved 1079296K
  class space    used 4693K, capacity 4939K, committed 4992K, reserved 1048576K
}
Event: 20.685 GC heap before
{Heap before GC invocations=15 (full 2):
 PSYoungGen      total 121856K, used 115200K [0x00000000e0000000, 0x00000000e8280000, 0x0000000100000000)
  eden space 115200K, 100% used [0x00000000e0000000,0x00000000e7080000,0x00000000e7080000)
  from space 6656K, 0% used [0x00000000e7c00000,0x00000000e7c00000,0x00000000e8280000)
  to   space 9216K, 0% used [0x00000000e7080000,0x00000000e7080000,0x00000000e7980000)
 ParOldGen       total 55296K, used 16269K [0x00000000a0000000, 0x00000000a3600000, 0x00000000e0000000)
  object space 55296K, 29% used [0x00000000a0000000,0x00000000a0fe34f8,0x00000000a3600000)
 Metaspace       used 44695K, capacity 45600K, committed 45912K, reserved 1089536K
  class space    used 5932K, capacity 6254K, committed 6272K, reserved 1048576K
Event: 20.713 GC heap after
Heap after GC invocations=15 (full 2):
 PSYoungGen      total 124416K, used 9194K [0x00000000e0000000, 0x00000000e8280000, 0x0000000100000000)
  eden space 115200K, 0% used [0x00000000e0000000,0x00000000e0000000,0x00000000e7080000)
  from space 9216K, 99% used [0x00000000e7080000,0x00000000e797aa28,0x00000000e7980000)
  to   space 6656K, 0% used [0x00000000e7c00000,0x00000000e7c00000,0x00000000e8280000)
 ParOldGen       total 55296K, used 19908K [0x00000000a0000000, 0x00000000a3600000, 0x00000000e0000000)
  object space 55296K, 36% used [0x00000000a0000000,0x00000000a13712a8,0x00000000a3600000)
 Metaspace       used 44695K, capacity 45600K, committed 45912K, reserved 1089536K
  class space    used 5932K, capacity 6254K, committed 6272K, reserved 1048576K
}

